android/cranpose-android-overlay/build/intermediates/manifest_merge_blame_file/debug/processDebugManifest/manifest-merger-blame-debug-report.txt
1<?xml version="1.0" encoding="utf-8"?>
2<!-- Overlay windows drawn above other applications. -->
3<manifest xmlns:android="http://schemas.android.com/apk/res/android"
4    package="dev.cranpose.android.overlay" >
5
6    <uses-sdk android:minSdkVersion="24" />
6-->INJECTED
6-->INJECTED
7
8    <uses-permission android:name="android.permission.SYSTEM_ALERT_WINDOW" />
8-->src/main/AndroidManifest.xml:4:5-78
8-->src/main/AndroidManifest.xml:4:22-75
9
10</manifest>